<?xml version="1.0" encoding="UTF-8"?>
<!-- Generated by org.testng.reporters.JUnitReportReporter -->
<testsuite hostname="JohnWilliamPC" failures="0" tests="1" name="com.testautomation.TestRunner.TestRunner" time="29.310" errors="0" timestamp="2020-05-28T15:03:39 PDT" skipped="0">
  <testcase classname="com.testautomation.TestRunner.TestRunner" name="feature" time="29.310"/>
  <system-out/>
</testsuite> <!-- com.testautomation.TestRunner.TestRunner -->
